SF:lib/src/features/products/data/fake_products_repository.dart
DA:8,1
DA:9,1
DA:12,1
DA:14,5
DA:20,0
DA:21,0
DA:22,0
DA:25,0
DA:26,0
DA:27,0
DA:30,0
DA:31,0
DA:32,0
DA:36,0
DA:37,0
DA:40,0
DA:41,0
DA:42,0
DA:43,0
DA:46,0
DA:47,0
DA:48,0
DA:49,0
DA:52,0
DA:53,0
DA:54,0
DA:55,0
LF:27
LH:4
end_of_record
SF:lib/src/features/products/domain/product.dart
DA:6,1
DA:27,0
DA:29,0
DA:32,1
DA:36,0
DA:37,0
DA:38,0
DA:39,0
DA:40,0
DA:41,0
DA:42,0
DA:43,0
DA:44,0
DA:47,0
DA:49,0
DA:50,0
DA:51,0
DA:52,0
DA:53,0
DA:54,0
DA:55,0
DA:56,0
LF:22
LH:2
end_of_record
